2025-10-19 13:06:05,655 - INFO - root - Log file created at: /Users/npt/Documents/NCKH/restful-api-testing-framework/database/Bill/results/20251019130605.log
2025-10-19 13:06:05,655 - INFO - sequence_runner.io_file - Found 1 test case files for endpoint filter: _api_v1_Bills_GetBills_0_1
2025-10-19 13:06:05,656 - INFO - sequence_runner.dependency - ðŸ” No dependencies found in test cases
2025-10-19 13:06:05,656 - INFO - root - ðŸ§° Preload done in 0.00s | global_cache=0 endpoint(s), available_ids=0
2025-10-19 13:06:05,656 - INFO - root - Starting test execution for service: Bill
2025-10-19 13:06:05,656 - INFO - sequence_runner.io_file - Found 1 test case files for endpoint filter: _api_v1_Bills_GetBills_0_1
2025-10-19 13:06:05,656 - INFO - sequence_runner.io_file - CSV output will be saved to: /Users/npt/Documents/NCKH/restful-api-testing-framework/database/Bill/results/20251019130605.csv
2025-10-19 13:06:05,656 - INFO - root - ðŸ“‹ Sorting test cases by topolist order...
2025-10-19 13:06:05,656 - INFO - root - Running test case: _api_v1_Bills_GetBills_0_1.json
2025-10-19 13:06:05,656 - INFO - root - ðŸŽ¯ Target endpoint: get-/api/v1/Bills
2025-10-19 13:06:05,657 - INFO - root - ðŸ“„ Param CSV: _api_v1_Bills_GetBills_param.csv -> 43 rows
2025-10-19 13:06:05,657 - INFO - root - ðŸ§ª Will run 43 times (combine param/body rows by index)
2025-10-19 13:06:05,657 - INFO - root - Running with test data row 1/43
2025-10-19 13:06:05,657 - INFO - root -   ðŸŽ¯ Expected status extracted: 2xx
2025-10-19 13:06:05,657 - INFO - sequence_runner.data_merge -   ðŸ“‹ Processing nested test data structure (param/body)
2025-10-19 13:06:05,657 - INFO - root -   ðŸ”— URL Construction:
2025-10-19 13:06:05,657 - INFO - root -     Original endpoint: /api/v1/Bills
2025-10-19 13:06:05,657 - INFO - root -     Final endpoint:    /api/v1/Bills
2025-10-19 13:06:05,657 - INFO - root -     Base URL:          https://bills-api.parliament.uk/api/v1/Bills
2025-10-19 13:06:05,657 - INFO - root -     Full URL + query:  https://bills-api.parliament.uk/api/v1/Bills?SearchTerm=climate&Session=2023&CurrentHouse=Commons&OriginatingHouse=Lords&MemberId=1001&DepartmentId=2002&BillStage=1&BillStage=2&BillStagesExcluded=3&IsDefeated=False&IsWithdrawn=True&BillType=1&SortOrder=TitleAscending&BillIds=101&BillIds=102&IsInAmendableStage=True&Skip=0&Take=50
2025-10-19 13:06:05,657 - INFO - root -     Query parameters:  {'SearchTerm': 'climate', 'Session': 2023, 'CurrentHouse': 'Commons', 'OriginatingHouse': 'Lords', 'MemberId': 1001, 'DepartmentId': 2002, 'BillStage': [1, 2], 'BillStagesExcluded': [3], 'IsDefeated': False, 'IsWithdrawn': True, 'BillType': [1], 'SortOrder': 'TitleAscending', 'BillIds': [101, 102], 'IsInAmendableStage': True, 'Skip': 0, 'Take': 50}
2025-10-19 13:06:07,017 - INFO - root -   âœ… ðŸŽ¯ TARGET: GET get-/api/v1/Bills -> 200  (1.358s)
2025-10-19 13:06:07,123 - INFO - root - Running with test data row 2/43
2025-10-19 13:06:07,123 - INFO - root -   ðŸŽ¯ Expected status extracted: 2xx
2025-10-19 13:06:07,123 - INFO - sequence_runner.data_merge -   ðŸ“‹ Processing nested test data structure (param/body)
2025-10-19 13:06:07,123 - INFO - root -   ðŸ”— URL Construction:
2025-10-19 13:06:07,123 - INFO - root -     Original endpoint: /api/v1/Bills
2025-10-19 13:06:07,123 - INFO - root -     Final endpoint:    /api/v1/Bills
2025-10-19 13:06:07,123 - INFO - root -     Base URL:          https://bills-api.parliament.uk/api/v1/Bills
2025-10-19 13:06:07,123 - INFO - root -     Full URL + query:  https://bills-api.parliament.uk/api/v1/Bills?OriginatingHouse=All&SortOrder=DateUpdatedDescending
2025-10-19 13:06:07,123 - INFO - root -     Query parameters:  {'OriginatingHouse': 'All', 'SortOrder': 'DateUpdatedDescending'}
2025-10-19 13:06:09,967 - INFO - root -   âœ… ðŸŽ¯ TARGET: GET get-/api/v1/Bills -> 200  (2.839s)
2025-10-19 13:06:10,067 - INFO - root - Running with test data row 3/43
2025-10-19 13:06:10,067 - INFO - root -   ðŸŽ¯ Expected status extracted: 2xx
2025-10-19 13:06:10,068 - INFO - sequence_runner.data_merge -   ðŸ“‹ Processing nested test data structure (param/body)
2025-10-19 13:06:10,068 - INFO - root -   ðŸ”— URL Construction:
2025-10-19 13:06:10,068 - INFO - root -     Original endpoint: /api/v1/Bills
2025-10-19 13:06:10,068 - INFO - root -     Final endpoint:    /api/v1/Bills
2025-10-19 13:06:10,068 - INFO - root -     Base URL:          https://bills-api.parliament.uk/api/v1/Bills
2025-10-19 13:06:10,068 - INFO - root -     Full URL + query:  https://bills-api.parliament.uk/api/v1/Bills
2025-10-19 13:06:11,017 - INFO - root -   âœ… ðŸŽ¯ TARGET: GET get-/api/v1/Bills -> 200  (0.947s)
2025-10-19 13:06:11,121 - INFO - root - Running with test data row 4/43
2025-10-19 13:06:11,122 - INFO - root -   ðŸŽ¯ Expected status extracted: 2xx
2025-10-19 13:06:11,122 - INFO - sequence_runner.data_merge -   ðŸ“‹ Processing nested test data structure (param/body)
2025-10-19 13:06:11,122 - INFO - root -   ðŸ”— URL Construction:
2025-10-19 13:06:11,122 - INFO - root -     Original endpoint: /api/v1/Bills
2025-10-19 13:06:11,122 - INFO - root -     Final endpoint:    /api/v1/Bills
2025-10-19 13:06:11,122 - INFO - root -     Base URL:          https://bills-api.parliament.uk/api/v1/Bills
2025-10-19 13:06:11,122 - INFO - root -     Full URL + query:  https://bills-api.parliament.uk/api/v1/Bills?BillType=1
2025-10-19 13:06:11,122 - INFO - root -     Query parameters:  {'BillType': [1]}
2025-10-19 13:06:11,731 - INFO - root -   âœ… ðŸŽ¯ TARGET: GET get-/api/v1/Bills -> 200  (0.604s)
2025-10-19 13:06:11,836 - INFO - root - Running with test data row 5/43
2025-10-19 13:06:11,837 - INFO - root -   ðŸŽ¯ Expected status extracted: 2xx
2025-10-19 13:06:11,838 - INFO - sequence_runner.data_merge -   ðŸ“‹ Processing nested test data structure (param/body)
2025-10-19 13:06:11,838 - INFO - root -   ðŸ”— URL Construction:
2025-10-19 13:06:11,838 - INFO - root -     Original endpoint: /api/v1/Bills
2025-10-19 13:06:11,838 - INFO - root -     Final endpoint:    /api/v1/Bills
2025-10-19 13:06:11,838 - INFO - root -     Base URL:          https://bills-api.parliament.uk/api/v1/Bills
2025-10-19 13:06:11,839 - INFO - root -     Full URL + query:  https://bills-api.parliament.uk/api/v1/Bills?Session=2023&DepartmentId=2002
2025-10-19 13:06:11,839 - INFO - root -     Query parameters:  {'Session': 2023, 'DepartmentId': 2002}
2025-10-19 13:06:12,697 - INFO - root -   âœ… ðŸŽ¯ TARGET: GET get-/api/v1/Bills -> 200  (0.849s)
2025-10-19 13:06:12,799 - INFO - root - Running with test data row 6/43
2025-10-19 13:06:12,800 - INFO - root -   ðŸŽ¯ Expected status extracted: 2xx
2025-10-19 13:06:12,800 - INFO - sequence_runner.data_merge -   ðŸ“‹ Processing nested test data structure (param/body)
2025-10-19 13:06:12,800 - INFO - root -   ðŸ”— URL Construction:
2025-10-19 13:06:12,800 - INFO - root -     Original endpoint: /api/v1/Bills
2025-10-19 13:06:12,800 - INFO - root -     Final endpoint:    /api/v1/Bills
2025-10-19 13:06:12,800 - INFO - root -     Base URL:          https://bills-api.parliament.uk/api/v1/Bills
2025-10-19 13:06:12,800 - INFO - root -     Full URL + query:  https://bills-api.parliament.uk/api/v1/Bills?SearchTerm=climate&CurrentHouse=Commons&IsInAmendableStage=True
2025-10-19 13:06:12,800 - INFO - root -     Query parameters:  {'SearchTerm': 'climate', 'CurrentHouse': 'Commons', 'IsInAmendableStage': True}
2025-10-19 13:06:13,437 - INFO - root -   âœ… ðŸŽ¯ TARGET: GET get-/api/v1/Bills -> 200  (0.635s)
2025-10-19 13:06:13,540 - INFO - root - Running with test data row 7/43
2025-10-19 13:06:13,541 - INFO - root -   ðŸŽ¯ Expected status extracted: 2xx
2025-10-19 13:06:13,541 - INFO - sequence_runner.data_merge -   ðŸ“‹ Processing nested test data structure (param/body)
2025-10-19 13:06:13,541 - INFO - root -   ðŸ”— URL Construction:
2025-10-19 13:06:13,541 - INFO - root -     Original endpoint: /api/v1/Bills
2025-10-19 13:06:13,541 - INFO - root -     Final endpoint:    /api/v1/Bills
2025-10-19 13:06:13,541 - INFO - root -     Base URL:          https://bills-api.parliament.uk/api/v1/Bills
2025-10-19 13:06:13,542 - INFO - root -     Full URL + query:  https://bills-api.parliament.uk/api/v1/Bills?CurrentHouse=Commons&IsDefeated=False&SortOrder=TitleAscending&IsInAmendableStage=True
2025-10-19 13:06:13,542 - INFO - root -     Query parameters:  {'CurrentHouse': 'Commons', 'IsDefeated': False, 'SortOrder': 'TitleAscending', 'IsInAmendableStage': True}
2025-10-19 13:06:14,811 - INFO - root -   âœ… ðŸŽ¯ TARGET: GET get-/api/v1/Bills -> 200  (1.266s)
2025-10-19 13:06:14,912 - INFO - root - Running with test data row 8/43
2025-10-19 13:06:14,912 - INFO - root -   ðŸŽ¯ Expected status extracted: 2xx
2025-10-19 13:06:14,912 - INFO - sequence_runner.data_merge -   ðŸ“‹ Processing nested test data structure (param/body)
2025-10-19 13:06:14,913 - INFO - root -   ðŸ”— URL Construction:
2025-10-19 13:06:14,913 - INFO - root -     Original endpoint: /api/v1/Bills
2025-10-19 13:06:14,913 - INFO - root -     Final endpoint:    /api/v1/Bills
2025-10-19 13:06:14,913 - INFO - root -     Base URL:          https://bills-api.parliament.uk/api/v1/Bills
2025-10-19 13:06:14,913 - INFO - root -     Full URL + query:  https://bills-api.parliament.uk/api/v1/Bills?OriginatingHouse=Lords&BillStage=1&BillStage=2&BillType=1&SortOrder=TitleAscending&Skip=0
2025-10-19 13:06:14,913 - INFO - root -     Query parameters:  {'OriginatingHouse': 'Lords', 'BillStage': [1, 2], 'BillType': [1], 'SortOrder': 'TitleAscending', 'Skip': 0}
2025-10-19 13:06:15,661 - INFO - root -   âœ… ðŸŽ¯ TARGET: GET get-/api/v1/Bills -> 200  (0.744s)
2025-10-19 13:06:15,766 - INFO - root - Running with test data row 9/43
2025-10-19 13:06:15,767 - INFO - root -   ðŸŽ¯ Expected status extracted: 2xx
2025-10-19 13:06:15,767 - INFO - sequence_runner.data_merge -   ðŸ“‹ Processing nested test data structure (param/body)
2025-10-19 13:06:15,767 - INFO - root -   ðŸ”— URL Construction:
2025-10-19 13:06:15,767 - INFO - root -     Original endpoint: /api/v1/Bills
2025-10-19 13:06:15,767 - INFO - root -     Final endpoint:    /api/v1/Bills
2025-10-19 13:06:15,767 - INFO - root -     Base URL:          https://bills-api.parliament.uk/api/v1/Bills
2025-10-19 13:06:15,768 - INFO - root -     Full URL + query:  https://bills-api.parliament.uk/api/v1/Bills?CurrentHouse=Commons&OriginatingHouse=Lords&IsDefeated=False&SortOrder=TitleAscending&BillIds=101&BillIds=102
2025-10-19 13:06:15,768 - INFO - root -     Query parameters:  {'CurrentHouse': 'Commons', 'OriginatingHouse': 'Lords', 'IsDefeated': False, 'SortOrder': 'TitleAscending', 'BillIds': [101, 102]}
2025-10-19 13:06:16,366 - INFO - root -   âœ… ðŸŽ¯ TARGET: GET get-/api/v1/Bills -> 200  (0.592s)
2025-10-19 13:06:16,472 - INFO - root - Running with test data row 10/43
2025-10-19 13:06:16,474 - INFO - root -   ðŸŽ¯ Expected status extracted: 2xx
2025-10-19 13:06:16,474 - INFO - sequence_runner.data_merge -   ðŸ“‹ Processing nested test data structure (param/body)
2025-10-19 13:06:16,474 - INFO - root -   ðŸ”— URL Construction:
2025-10-19 13:06:16,474 - INFO - root -     Original endpoint: /api/v1/Bills
2025-10-19 13:06:16,474 - INFO - root -     Final endpoint:    /api/v1/Bills
2025-10-19 13:06:16,474 - INFO - root -     Base URL:          https://bills-api.parliament.uk/api/v1/Bills
2025-10-19 13:06:16,474 - INFO - root -     Full URL + query:  https://bills-api.parliament.uk/api/v1/Bills?SearchTerm=climate&CurrentHouse=Commons&OriginatingHouse=Lords&BillStage=1&BillStage=2&IsWithdrawn=True&SortOrder=TitleAscending
2025-10-19 13:06:16,474 - INFO - root -     Query parameters:  {'SearchTerm': 'climate', 'CurrentHouse': 'Commons', 'OriginatingHouse': 'Lords', 'BillStage': [1, 2], 'IsWithdrawn': True, 'SortOrder': 'TitleAscending'}
2025-10-19 13:06:17,156 - INFO - root -   âœ… ðŸŽ¯ TARGET: GET get-/api/v1/Bills -> 200  (0.677s)
2025-10-19 13:06:17,261 - INFO - root - Running with test data row 11/43
2025-10-19 13:06:17,262 - INFO - root -   ðŸŽ¯ Expected status extracted: 2xx
2025-10-19 13:06:17,262 - INFO - sequence_runner.data_merge -   ðŸ“‹ Processing nested test data structure (param/body)
2025-10-19 13:06:17,262 - INFO - root -   ðŸ”— URL Construction:
2025-10-19 13:06:17,262 - INFO - root -     Original endpoint: /api/v1/Bills
2025-10-19 13:06:17,262 - INFO - root -     Final endpoint:    /api/v1/Bills
2025-10-19 13:06:17,262 - INFO - root -     Base URL:          https://bills-api.parliament.uk/api/v1/Bills
2025-10-19 13:06:17,262 - INFO - root -     Full URL + query:  https://bills-api.parliament.uk/api/v1/Bills?CurrentHouse=Commons&MemberId=1001&DepartmentId=2002&BillStagesExcluded=3&BillType=1&BillIds=101&BillIds=102&Take=50
2025-10-19 13:06:17,263 - INFO - root -     Query parameters:  {'CurrentHouse': 'Commons', 'MemberId': 1001, 'DepartmentId': 2002, 'BillStagesExcluded': [3], 'BillType': [1], 'BillIds': [101, 102], 'Take': 50}
2025-10-19 13:06:18,683 - INFO - root -   âœ… ðŸŽ¯ TARGET: GET get-/api/v1/Bills -> 200  (1.419s)
2025-10-19 13:06:18,788 - INFO - root - Running with test data row 12/43
2025-10-19 13:06:18,788 - INFO - root -   ðŸŽ¯ Expected status extracted: 2xx
2025-10-19 13:06:18,788 - INFO - sequence_runner.data_merge -   ðŸ“‹ Processing nested test data structure (param/body)
2025-10-19 13:06:18,789 - INFO - root -   ðŸ”— URL Construction:
2025-10-19 13:06:18,789 - INFO - root -     Original endpoint: /api/v1/Bills
2025-10-19 13:06:18,789 - INFO - root -     Final endpoint:    /api/v1/Bills
2025-10-19 13:06:18,789 - INFO - root -     Base URL:          https://bills-api.parliament.uk/api/v1/Bills
2025-10-19 13:06:18,789 - INFO - root -     Full URL + query:  https://bills-api.parliament.uk/api/v1/Bills?SearchTerm=climate&Session=2023&MemberId=1001&IsDefeated=False&BillType=1&SortOrder=TitleAscending&BillIds=101&BillIds=102&Take=50
2025-10-19 13:06:18,789 - INFO - root -     Query parameters:  {'SearchTerm': 'climate', 'Session': 2023, 'MemberId': 1001, 'IsDefeated': False, 'BillType': [1], 'SortOrder': 'TitleAscending', 'BillIds': [101, 102], 'Take': 50}
2025-10-19 13:06:19,609 - INFO - root -   âœ… ðŸŽ¯ TARGET: GET get-/api/v1/Bills -> 200  (0.817s)
2025-10-19 13:06:19,711 - INFO - root - Running with test data row 13/43
2025-10-19 13:06:19,712 - INFO - root -   ðŸŽ¯ Expected status extracted: 2xx
2025-10-19 13:06:19,712 - INFO - sequence_runner.data_merge -   ðŸ“‹ Processing nested test data structure (param/body)
2025-10-19 13:06:19,713 - INFO - root -   ðŸ”— URL Construction:
2025-10-19 13:06:19,713 - INFO - root -     Original endpoint: /api/v1/Bills
2025-10-19 13:06:19,713 - INFO - root -     Final endpoint:    /api/v1/Bills
2025-10-19 13:06:19,713 - INFO - root -     Base URL:          https://bills-api.parliament.uk/api/v1/Bills
2025-10-19 13:06:19,714 - INFO - root -     Full URL + query:  https://bills-api.parliament.uk/api/v1/Bills?CurrentHouse=Commons&OriginatingHouse=Lords&MemberId=1001&DepartmentId=2002&BillStage=1&BillStage=2&BillType=1&SortOrder=TitleAscending&BillIds=101&BillIds=102&IsInAmendableStage=True&Take=50
2025-10-19 13:06:19,714 - INFO - root -     Query parameters:  {'CurrentHouse': 'Commons', 'OriginatingHouse': 'Lords', 'MemberId': 1001, 'DepartmentId': 2002, 'BillStage': [1, 2], 'BillType': [1], 'SortOrder': 'TitleAscending', 'BillIds': [101, 102], 'IsInAmendableStage': True, 'Take': 50}
2025-10-19 13:06:20,439 - INFO - root -   âœ… ðŸŽ¯ TARGET: GET get-/api/v1/Bills -> 200  (0.723s)
2025-10-19 13:06:20,539 - INFO - root - Running with test data row 14/43
2025-10-19 13:06:20,540 - INFO - root -   ðŸŽ¯ Expected status extracted: 2xx
2025-10-19 13:06:20,540 - INFO - sequence_runner.data_merge -   ðŸ“‹ Processing nested test data structure (param/body)
2025-10-19 13:06:20,540 - INFO - root -   ðŸ”— URL Construction:
2025-10-19 13:06:20,540 - INFO - root -     Original endpoint: /api/v1/Bills
2025-10-19 13:06:20,540 - INFO - root -     Final endpoint:    /api/v1/Bills
2025-10-19 13:06:20,540 - INFO - root -     Base URL:          https://bills-api.parliament.uk/api/v1/Bills
2025-10-19 13:06:20,540 - INFO - root -     Full URL + query:  https://bills-api.parliament.uk/api/v1/Bills?SearchTerm=climate&Session=2023&DepartmentId=2002&BillStage=1&BillStage=2&IsWithdrawn=True&BillType=1&SortOrder=TitleAscending&BillIds=101&BillIds=102&IsInAmendableStage=True&Skip=0&Take=50
2025-10-19 13:06:20,540 - INFO - root -     Query parameters:  {'SearchTerm': 'climate', 'Session': 2023, 'DepartmentId': 2002, 'BillStage': [1, 2], 'IsWithdrawn': True, 'BillType': [1], 'SortOrder': 'TitleAscending', 'BillIds': [101, 102], 'IsInAmendableStage': True, 'Skip': 0, 'Take': 50}
2025-10-19 13:06:21,966 - INFO - root -   âœ… ðŸŽ¯ TARGET: GET get-/api/v1/Bills -> 200  (1.422s)
2025-10-19 13:06:22,068 - INFO - root - Running with test data row 15/43
2025-10-19 13:06:22,068 - INFO - root -   ðŸŽ¯ Expected status extracted: 2xx
2025-10-19 13:06:22,068 - INFO - sequence_runner.data_merge -   ðŸ“‹ Processing nested test data structure (param/body)
2025-10-19 13:06:22,069 - INFO - root -   ðŸ”— URL Construction:
2025-10-19 13:06:22,069 - INFO - root -     Original endpoint: /api/v1/Bills
2025-10-19 13:06:22,069 - INFO - root -     Final endpoint:    /api/v1/Bills
2025-10-19 13:06:22,069 - INFO - root -     Base URL:          https://bills-api.parliament.uk/api/v1/Bills
2025-10-19 13:06:22,069 - INFO - root -     Full URL + query:  https://bills-api.parliament.uk/api/v1/Bills?SearchTerm=climate&Session=2023&CurrentHouse=Commons&DepartmentId=2002&BillStage=1&BillStage=2&IsWithdrawn=True&BillType=1&SortOrder=TitleAscending&IsInAmendableStage=True&Skip=0&Take=50
2025-10-19 13:06:22,069 - INFO - root -     Query parameters:  {'SearchTerm': 'climate', 'Session': 2023, 'CurrentHouse': 'Commons', 'DepartmentId': 2002, 'BillStage': [1, 2], 'IsWithdrawn': True, 'BillType': [1], 'SortOrder': 'TitleAscending', 'IsInAmendableStage': True, 'Skip': 0, 'Take': 50}
2025-10-19 13:06:23,279 - INFO - root -   âœ… ðŸŽ¯ TARGET: GET get-/api/v1/Bills -> 200  (1.208s)
2025-10-19 13:06:23,383 - INFO - root - Running with test data row 16/43
2025-10-19 13:06:23,456 - INFO - root -   ðŸŽ¯ Expected status extracted: 2xx
2025-10-19 13:06:23,456 - INFO - sequence_runner.data_merge -   ðŸ“‹ Processing nested test data structure (param/body)
2025-10-19 13:06:23,457 - INFO - root -   ðŸ”— URL Construction:
2025-10-19 13:06:23,457 - INFO - root -     Original endpoint: /api/v1/Bills
2025-10-19 13:06:23,457 - INFO - root -     Final endpoint:    /api/v1/Bills
2025-10-19 13:06:23,458 - INFO - root -     Base URL:          https://bills-api.parliament.uk/api/v1/Bills
2025-10-19 13:06:23,458 - INFO - root -     Full URL + query:  https://bills-api.parliament.uk/api/v1/Bills?Session=2023&CurrentHouse=Commons&MemberId=1001&DepartmentId=2002&BillStage=1&BillStage=2&IsDefeated=False&IsWithdrawn=True&SortOrder=TitleAscending&BillIds=101&BillIds=102&IsInAmendableStage=True&Skip=0&Take=50
2025-10-19 13:06:23,458 - INFO - root -     Query parameters:  {'Session': 2023, 'CurrentHouse': 'Commons', 'MemberId': 1001, 'DepartmentId': 2002, 'BillStage': [1, 2], 'IsDefeated': False, 'IsWithdrawn': True, 'SortOrder': 'TitleAscending', 'BillIds': [101, 102], 'IsInAmendableStage': True, 'Skip': 0, 'Take': 50}
2025-10-19 13:06:24,737 - INFO - root -   âœ… ðŸŽ¯ TARGET: GET get-/api/v1/Bills -> 200  (1.276s)
2025-10-19 13:06:24,843 - INFO - root - Running with test data row 17/43
2025-10-19 13:06:24,843 - INFO - root -   ðŸŽ¯ Expected status extracted: 2xx
2025-10-19 13:06:24,843 - INFO - sequence_runner.data_merge -   ðŸ“‹ Processing nested test data structure (param/body)
2025-10-19 13:06:24,843 - INFO - root -   ðŸ”— URL Construction:
2025-10-19 13:06:24,843 - INFO - root -     Original endpoint: /api/v1/Bills
2025-10-19 13:06:24,843 - INFO - root -     Final endpoint:    /api/v1/Bills
2025-10-19 13:06:24,843 - INFO - root -     Base URL:          https://bills-api.parliament.uk/api/v1/Bills
2025-10-19 13:06:24,843 - INFO - root -     Full URL + query:  https://bills-api.parliament.uk/api/v1/Bills?Session=2023&CurrentHouse=Commons&MemberId=1001&DepartmentId=2002&BillStage=1&BillStage=2&BillStagesExcluded=3&IsDefeated=False&IsWithdrawn=True&BillType=1&SortOrder=TitleAscending&BillIds=101&BillIds=102&IsInAmendableStage=True&Take=50
2025-10-19 13:06:24,843 - INFO - root -     Query parameters:  {'Session': 2023, 'CurrentHouse': 'Commons', 'MemberId': 1001, 'DepartmentId': 2002, 'BillStage': [1, 2], 'BillStagesExcluded': [3], 'IsDefeated': False, 'IsWithdrawn': True, 'BillType': [1], 'SortOrder': 'TitleAscending', 'BillIds': [101, 102], 'IsInAmendableStage': True, 'Take': 50}
2025-10-19 13:06:25,953 - INFO - root -   âœ… ðŸŽ¯ TARGET: GET get-/api/v1/Bills -> 200  (1.107s)
2025-10-19 13:06:26,058 - INFO - root - Running with test data row 18/43
2025-10-19 13:06:26,058 - INFO - root -   ðŸŽ¯ Expected status extracted: 2xx
2025-10-19 13:06:26,058 - INFO - sequence_runner.data_merge -   ðŸ“‹ Processing nested test data structure (param/body)
2025-10-19 13:06:26,058 - INFO - root -   ðŸ”— URL Construction:
2025-10-19 13:06:26,058 - INFO - root -     Original endpoint: /api/v1/Bills
2025-10-19 13:06:26,058 - INFO - root -     Final endpoint:    /api/v1/Bills
2025-10-19 13:06:26,058 - INFO - root -     Base URL:          https://bills-api.parliament.uk/api/v1/Bills
2025-10-19 13:06:26,058 - INFO - root -     Full URL + query:  https://bills-api.parliament.uk/api/v1/Bills?SearchTerm=climate&Session=2023&CurrentHouse=Commons&MemberId=1001&DepartmentId=2002&BillStage=1&BillStage=2&BillStagesExcluded=3&IsDefeated=False&IsWithdrawn=True&BillType=1&SortOrder=TitleAscending&BillIds=101&BillIds=102&IsInAmendableStage=True&Take=50
2025-10-19 13:06:26,058 - INFO - root -     Query parameters:  {'SearchTerm': 'climate', 'Session': 2023, 'CurrentHouse': 'Commons', 'MemberId': 1001, 'DepartmentId': 2002, 'BillStage': [1, 2], 'BillStagesExcluded': [3], 'IsDefeated': False, 'IsWithdrawn': True, 'BillType': [1], 'SortOrder': 'TitleAscending', 'BillIds': [101, 102], 'IsInAmendableStage': True, 'Take': 50}
2025-10-19 13:06:26,875 - INFO - root -   âœ… ðŸŽ¯ TARGET: GET get-/api/v1/Bills -> 200  (0.816s)
2025-10-19 13:06:26,981 - INFO - root - Running with test data row 19/43
2025-10-19 13:06:26,981 - INFO - root -   ðŸŽ¯ Expected status extracted: 2xx
2025-10-19 13:06:26,981 - INFO - sequence_runner.data_merge -   ðŸ“‹ Processing nested test data structure (param/body)
2025-10-19 13:06:26,981 - INFO - root -   ðŸ”— URL Construction:
2025-10-19 13:06:26,981 - INFO - root -     Original endpoint: /api/v1/Bills
2025-10-19 13:06:26,981 - INFO - root -     Final endpoint:    /api/v1/Bills
2025-10-19 13:06:26,981 - INFO - root -     Base URL:          https://bills-api.parliament.uk/api/v1/Bills
2025-10-19 13:06:26,981 - INFO - root -     Full URL + query:  https://bills-api.parliament.uk/api/v1/Bills?SearchTerm=climate&Session=2023&CurrentHouse=Commons&OriginatingHouse=Lords&MemberId=1001&DepartmentId=2002&BillStage=1&BillStage=2&BillStagesExcluded=3&IsDefeated=False&IsWithdrawn=True&BillType=1&SortOrder=TitleAscending&BillIds=101&BillIds=102&IsInAmendableStage=True&Skip=0&Take=50
2025-10-19 13:06:26,981 - INFO - root -     Query parameters:  {'SearchTerm': 'climate', 'Session': 2023, 'CurrentHouse': 'Commons', 'OriginatingHouse': 'Lords', 'MemberId': 1001, 'DepartmentId': 2002, 'BillStage': [1, 2], 'BillStagesExcluded': [3], 'IsDefeated': False, 'IsWithdrawn': True, 'BillType': [1], 'SortOrder': 'TitleAscending', 'BillIds': [101, 102], 'IsInAmendableStage': True, 'Skip': 0, 'Take': 50}
2025-10-19 13:06:27,037 - INFO - root -   âœ… ðŸŽ¯ TARGET: GET get-/api/v1/Bills -> 200  (0.055s)
2025-10-19 13:06:27,138 - INFO - root - Running with test data row 20/43
2025-10-19 13:06:27,139 - INFO - root -   ðŸŽ¯ Expected status extracted: 2xx
2025-10-19 13:06:27,140 - INFO - sequence_runner.data_merge -   ðŸ“‹ Processing nested test data structure (param/body)
2025-10-19 13:06:27,140 - INFO - root -   ðŸ”— URL Construction:
2025-10-19 13:06:27,140 - INFO - root -     Original endpoint: /api/v1/Bills
2025-10-19 13:06:27,140 - INFO - root -     Final endpoint:    /api/v1/Bills
2025-10-19 13:06:27,140 - INFO - root -     Base URL:          https://bills-api.parliament.uk/api/v1/Bills
2025-10-19 13:06:27,140 - INFO - root -     Full URL + query:  https://bills-api.parliament.uk/api/v1/Bills?SearchTerm=climate&Session=2023&CurrentHouse=Commons&OriginatingHouse=Lords&MemberId=1001&DepartmentId=2002&BillStage=1&BillStage=2&BillStagesExcluded=3&IsDefeated=False&IsWithdrawn=True&BillType=1&SortOrder=TitleAscending&BillIds=101&BillIds=102&IsInAmendableStage=True&Skip=0
2025-10-19 13:06:27,140 - INFO - root -     Query parameters:  {'SearchTerm': 'climate', 'Session': 2023, 'CurrentHouse': 'Commons', 'OriginatingHouse': 'Lords', 'MemberId': 1001, 'DepartmentId': 2002, 'BillStage': [1, 2], 'BillStagesExcluded': [3], 'IsDefeated': False, 'IsWithdrawn': True, 'BillType': [1], 'SortOrder': 'TitleAscending', 'BillIds': [101, 102], 'IsInAmendableStage': True, 'Skip': 0}
2025-10-19 13:06:27,808 - INFO - root -   âœ… ðŸŽ¯ TARGET: GET get-/api/v1/Bills -> 200  (0.664s)
2025-10-19 13:06:27,913 - INFO - root - Running with test data row 21/43
2025-10-19 13:06:27,913 - INFO - root -   ðŸŽ¯ Expected status extracted: 2xx
2025-10-19 13:06:27,913 - INFO - sequence_runner.data_merge -   ðŸ“‹ Processing nested test data structure (param/body)
2025-10-19 13:06:27,914 - INFO - root -   ðŸ”— URL Construction:
2025-10-19 13:06:27,914 - INFO - root -     Original endpoint: /api/v1/Bills
2025-10-19 13:06:27,914 - INFO - root -     Final endpoint:    /api/v1/Bills
2025-10-19 13:06:27,914 - INFO - root -     Base URL:          https://bills-api.parliament.uk/api/v1/Bills
2025-10-19 13:06:27,914 - INFO - root -     Full URL + query:  https://bills-api.parliament.uk/api/v1/Bills?SearchTerm=climate&Session=2023&CurrentHouse=Commons&OriginatingHouse=Lords&MemberId=1001&DepartmentId=2002&BillStage=1&BillStage=2&BillStagesExcluded=3&IsDefeated=False&IsWithdrawn=True&BillType=1&SortOrder=TitleAscending&BillIds=101&BillIds=102&IsInAmendableStage=True&Take=50
2025-10-19 13:06:27,914 - INFO - root -     Query parameters:  {'SearchTerm': 'climate', 'Session': 2023, 'CurrentHouse': 'Commons', 'OriginatingHouse': 'Lords', 'MemberId': 1001, 'DepartmentId': 2002, 'BillStage': [1, 2], 'BillStagesExcluded': [3], 'IsDefeated': False, 'IsWithdrawn': True, 'BillType': [1], 'SortOrder': 'TitleAscending', 'BillIds': [101, 102], 'IsInAmendableStage': True, 'Take': 50}
2025-10-19 13:06:28,472 - INFO - root -   âœ… ðŸŽ¯ TARGET: GET get-/api/v1/Bills -> 200  (0.557s)
2025-10-19 13:06:28,574 - INFO - root - Running with test data row 22/43
2025-10-19 13:06:28,575 - INFO - root -   ðŸŽ¯ Expected status extracted: 2xx
2025-10-19 13:06:28,575 - INFO - sequence_runner.data_merge -   ðŸ“‹ Processing nested test data structure (param/body)
2025-10-19 13:06:28,575 - INFO - root -   ðŸ”— URL Construction:
2025-10-19 13:06:28,575 - INFO - root -     Original endpoint: /api/v1/Bills
2025-10-19 13:06:28,575 - INFO - root -     Final endpoint:    /api/v1/Bills
2025-10-19 13:06:28,575 - INFO - root -     Base URL:          https://bills-api.parliament.uk/api/v1/Bills
2025-10-19 13:06:28,575 - INFO - root -     Full URL + query:  https://bills-api.parliament.uk/api/v1/Bills?SearchTerm=climate&Session=2023&CurrentHouse=Commons&OriginatingHouse=Lords&MemberId=1001&DepartmentId=2002&BillStage=1&BillStage=2&BillStagesExcluded=3&IsDefeated=False&IsWithdrawn=True&BillType=1&SortOrder=TitleAscending&BillIds=101&BillIds=102&Skip=0&Take=50
2025-10-19 13:06:28,575 - INFO - root -     Query parameters:  {'SearchTerm': 'climate', 'Session': 2023, 'CurrentHouse': 'Commons', 'OriginatingHouse': 'Lords', 'MemberId': 1001, 'DepartmentId': 2002, 'BillStage': [1, 2], 'BillStagesExcluded': [3], 'IsDefeated': False, 'IsWithdrawn': True, 'BillType': [1], 'SortOrder': 'TitleAscending', 'BillIds': [101, 102], 'Skip': 0, 'Take': 50}
2025-10-19 13:06:29,713 - INFO - root -   âœ… ðŸŽ¯ TARGET: GET get-/api/v1/Bills -> 200  (1.135s)
2025-10-19 13:06:29,818 - INFO - root - Running with test data row 23/43
2025-10-19 13:06:29,819 - INFO - root -   ðŸŽ¯ Expected status extracted: 2xx
2025-10-19 13:06:29,819 - INFO - sequence_runner.data_merge -   ðŸ“‹ Processing nested test data structure (param/body)
2025-10-19 13:06:29,819 - INFO - root -   ðŸ”— URL Construction:
2025-10-19 13:06:29,820 - INFO - root -     Original endpoint: /api/v1/Bills
2025-10-19 13:06:29,820 - INFO - root -     Final endpoint:    /api/v1/Bills
2025-10-19 13:06:29,820 - INFO - root -     Base URL:          https://bills-api.parliament.uk/api/v1/Bills
2025-10-19 13:06:29,820 - INFO - root -     Full URL + query:  https://bills-api.parliament.uk/api/v1/Bills?SearchTerm=climate&Session=2023&CurrentHouse=Commons&OriginatingHouse=Lords&MemberId=1001&DepartmentId=2002&BillStage=1&BillStage=2&BillStagesExcluded=3&IsDefeated=False&IsWithdrawn=True&BillType=1&SortOrder=TitleAscending&IsInAmendableStage=True&Skip=0&Take=50
2025-10-19 13:06:29,820 - INFO - root -     Query parameters:  {'SearchTerm': 'climate', 'Session': 2023, 'CurrentHouse': 'Commons', 'OriginatingHouse': 'Lords', 'MemberId': 1001, 'DepartmentId': 2002, 'BillStage': [1, 2], 'BillStagesExcluded': [3], 'IsDefeated': False, 'IsWithdrawn': True, 'BillType': [1], 'SortOrder': 'TitleAscending', 'IsInAmendableStage': True, 'Skip': 0, 'Take': 50}
2025-10-19 13:06:31,158 - INFO - root -   âœ… ðŸŽ¯ TARGET: GET get-/api/v1/Bills -> 200  (1.337s)
2025-10-19 13:06:31,262 - INFO - root - Running with test data row 24/43
2025-10-19 13:06:31,262 - INFO - root -   ðŸŽ¯ Expected status extracted: 2xx
2025-10-19 13:06:31,262 - INFO - sequence_runner.data_merge -   ðŸ“‹ Processing nested test data structure (param/body)
2025-10-19 13:06:31,262 - INFO - root -   ðŸ”— URL Construction:
2025-10-19 13:06:31,263 - INFO - root -     Original endpoint: /api/v1/Bills
2025-10-19 13:06:31,263 - INFO - root -     Final endpoint:    /api/v1/Bills
2025-10-19 13:06:31,263 - INFO - root -     Base URL:          https://bills-api.parliament.uk/api/v1/Bills
2025-10-19 13:06:31,263 - INFO - root -     Full URL + query:  https://bills-api.parliament.uk/api/v1/Bills?SearchTerm=climate&Session=2023&CurrentHouse=Commons&OriginatingHouse=Lords&MemberId=1001&DepartmentId=2002&BillStage=1&BillStage=2&BillStagesExcluded=3&IsDefeated=False&IsWithdrawn=True&BillType=1&BillIds=101&BillIds=102&IsInAmendableStage=True&Skip=0&Take=50
2025-10-19 13:06:31,263 - INFO - root -     Query parameters:  {'SearchTerm': 'climate', 'Session': 2023, 'CurrentHouse': 'Commons', 'OriginatingHouse': 'Lords', 'MemberId': 1001, 'DepartmentId': 2002, 'BillStage': [1, 2], 'BillStagesExcluded': [3], 'IsDefeated': False, 'IsWithdrawn': True, 'BillType': [1], 'BillIds': [101, 102], 'IsInAmendableStage': True, 'Skip': 0, 'Take': 50}
2025-10-19 13:06:31,783 - INFO - root -   âœ… ðŸŽ¯ TARGET: GET get-/api/v1/Bills -> 200  (0.514s)
2025-10-19 13:06:31,885 - INFO - root - Running with test data row 25/43
2025-10-19 13:06:31,886 - INFO - root -   ðŸŽ¯ Expected status extracted: 2xx
2025-10-19 13:06:31,886 - INFO - sequence_runner.data_merge -   ðŸ“‹ Processing nested test data structure (param/body)
2025-10-19 13:06:31,887 - INFO - root -   ðŸ”— URL Construction:
2025-10-19 13:06:31,887 - INFO - root -     Original endpoint: /api/v1/Bills
2025-10-19 13:06:31,887 - INFO - root -     Final endpoint:    /api/v1/Bills
2025-10-19 13:06:31,887 - INFO - root -     Base URL:          https://bills-api.parliament.uk/api/v1/Bills
2025-10-19 13:06:31,887 - INFO - root -     Full URL + query:  https://bills-api.parliament.uk/api/v1/Bills?SearchTerm=climate&Session=2023&CurrentHouse=Commons&OriginatingHouse=Lords&MemberId=1001&DepartmentId=2002&BillStage=1&BillStage=2&BillStagesExcluded=3&IsDefeated=False&IsWithdrawn=True&SortOrder=TitleAscending&BillIds=101&BillIds=102&IsInAmendableStage=True&Skip=0&Take=50
2025-10-19 13:06:31,888 - INFO - root -     Query parameters:  {'SearchTerm': 'climate', 'Session': 2023, 'CurrentHouse': 'Commons', 'OriginatingHouse': 'Lords', 'MemberId': 1001, 'DepartmentId': 2002, 'BillStage': [1, 2], 'BillStagesExcluded': [3], 'IsDefeated': False, 'IsWithdrawn': True, 'SortOrder': 'TitleAscending', 'BillIds': [101, 102], 'IsInAmendableStage': True, 'Skip': 0, 'Take': 50}
2025-10-19 13:06:32,861 - INFO - root -   âœ… ðŸŽ¯ TARGET: GET get-/api/v1/Bills -> 200  (0.970s)
2025-10-19 13:06:32,963 - INFO - root - Running with test data row 26/43
2025-10-19 13:06:32,964 - INFO - root -   ðŸŽ¯ Expected status extracted: 2xx
2025-10-19 13:06:32,964 - INFO - sequence_runner.data_merge -   ðŸ“‹ Processing nested test data structure (param/body)
2025-10-19 13:06:32,964 - INFO - root -   ðŸ”— URL Construction:
2025-10-19 13:06:32,964 - INFO - root -     Original endpoint: /api/v1/Bills
2025-10-19 13:06:32,964 - INFO - root -     Final endpoint:    /api/v1/Bills
2025-10-19 13:06:32,964 - INFO - root -     Base URL:          https://bills-api.parliament.uk/api/v1/Bills
2025-10-19 13:06:32,964 - INFO - root -     Full URL + query:  https://bills-api.parliament.uk/api/v1/Bills?SearchTerm=climate&Session=2023&CurrentHouse=Commons&OriginatingHouse=Lords&MemberId=1001&DepartmentId=2002&BillStage=1&BillStage=2&BillStagesExcluded=3&IsDefeated=False&BillType=1&SortOrder=TitleAscending&BillIds=101&BillIds=102&IsInAmendableStage=True&Skip=0&Take=50
2025-10-19 13:06:32,964 - INFO - root -     Query parameters:  {'SearchTerm': 'climate', 'Session': 2023, 'CurrentHouse': 'Commons', 'OriginatingHouse': 'Lords', 'MemberId': 1001, 'DepartmentId': 2002, 'BillStage': [1, 2], 'BillStagesExcluded': [3], 'IsDefeated': False, 'BillType': [1], 'SortOrder': 'TitleAscending', 'BillIds': [101, 102], 'IsInAmendableStage': True, 'Skip': 0, 'Take': 50}
2025-10-19 13:06:34,090 - INFO - root -   âœ… ðŸŽ¯ TARGET: GET get-/api/v1/Bills -> 200  (1.123s)
2025-10-19 13:06:34,194 - INFO - root - Running with test data row 27/43
2025-10-19 13:06:34,195 - INFO - root -   ðŸŽ¯ Expected status extracted: 2xx
2025-10-19 13:06:34,195 - INFO - sequence_runner.data_merge -   ðŸ“‹ Processing nested test data structure (param/body)
2025-10-19 13:06:34,196 - INFO - root -   ðŸ”— URL Construction:
2025-10-19 13:06:34,197 - INFO - root -     Original endpoint: /api/v1/Bills
2025-10-19 13:06:34,197 - INFO - root -     Final endpoint:    /api/v1/Bills
2025-10-19 13:06:34,197 - INFO - root -     Base URL:          https://bills-api.parliament.uk/api/v1/Bills
2025-10-19 13:06:34,197 - INFO - root -     Full URL + query:  https://bills-api.parliament.uk/api/v1/Bills?SearchTerm=climate&Session=2023&CurrentHouse=Commons&OriginatingHouse=Lords&MemberId=1001&DepartmentId=2002&BillStage=1&BillStage=2&BillStagesExcluded=3&IsWithdrawn=True&BillType=1&SortOrder=TitleAscending&BillIds=101&BillIds=102&IsInAmendableStage=True&Skip=0&Take=50
2025-10-19 13:06:34,197 - INFO - root -     Query parameters:  {'SearchTerm': 'climate', 'Session': 2023, 'CurrentHouse': 'Commons', 'OriginatingHouse': 'Lords', 'MemberId': 1001, 'DepartmentId': 2002, 'BillStage': [1, 2], 'BillStagesExcluded': [3], 'IsWithdrawn': True, 'BillType': [1], 'SortOrder': 'TitleAscending', 'BillIds': [101, 102], 'IsInAmendableStage': True, 'Skip': 0, 'Take': 50}
2025-10-19 13:06:35,065 - INFO - root -   âœ… ðŸŽ¯ TARGET: GET get-/api/v1/Bills -> 200  (0.866s)
2025-10-19 13:06:35,170 - INFO - root - Running with test data row 28/43
2025-10-19 13:06:35,170 - INFO - root -   ðŸŽ¯ Expected status extracted: 2xx
2025-10-19 13:06:35,170 - INFO - sequence_runner.data_merge -   ðŸ“‹ Processing nested test data structure (param/body)
2025-10-19 13:06:35,170 - INFO - root -   ðŸ”— URL Construction:
2025-10-19 13:06:35,170 - INFO - root -     Original endpoint: /api/v1/Bills
2025-10-19 13:06:35,170 - INFO - root -     Final endpoint:    /api/v1/Bills
2025-10-19 13:06:35,170 - INFO - root -     Base URL:          https://bills-api.parliament.uk/api/v1/Bills
2025-10-19 13:06:35,170 - INFO - root -     Full URL + query:  https://bills-api.parliament.uk/api/v1/Bills?SearchTerm=climate&Session=2023&CurrentHouse=Commons&OriginatingHouse=Lords&MemberId=1001&DepartmentId=2002&BillStage=1&BillStage=2&IsDefeated=False&IsWithdrawn=True&BillType=1&SortOrder=TitleAscending&BillIds=101&BillIds=102&IsInAmendableStage=True&Skip=0&Take=50
2025-10-19 13:06:35,170 - INFO - root -     Query parameters:  {'SearchTerm': 'climate', 'Session': 2023, 'CurrentHouse': 'Commons', 'OriginatingHouse': 'Lords', 'MemberId': 1001, 'DepartmentId': 2002, 'BillStage': [1, 2], 'IsDefeated': False, 'IsWithdrawn': True, 'BillType': [1], 'SortOrder': 'TitleAscending', 'BillIds': [101, 102], 'IsInAmendableStage': True, 'Skip': 0, 'Take': 50}
2025-10-19 13:06:36,179 - INFO - root -   âœ… ðŸŽ¯ TARGET: GET get-/api/v1/Bills -> 200  (1.007s)
2025-10-19 13:06:36,281 - INFO - root - Running with test data row 29/43
2025-10-19 13:06:36,282 - INFO - root -   ðŸŽ¯ Expected status extracted: 2xx
2025-10-19 13:06:36,282 - INFO - sequence_runner.data_merge -   ðŸ“‹ Processing nested test data structure (param/body)
2025-10-19 13:06:36,283 - INFO - root -   ðŸ”— URL Construction:
2025-10-19 13:06:36,283 - INFO - root -     Original endpoint: /api/v1/Bills
2025-10-19 13:06:36,283 - INFO - root -     Final endpoint:    /api/v1/Bills
2025-10-19 13:06:36,283 - INFO - root -     Base URL:          https://bills-api.parliament.uk/api/v1/Bills
2025-10-19 13:06:36,283 - INFO - root -     Full URL + query:  https://bills-api.parliament.uk/api/v1/Bills?SearchTerm=climate&Session=2023&CurrentHouse=Commons&OriginatingHouse=Lords&MemberId=1001&DepartmentId=2002&BillStagesExcluded=3&IsDefeated=False&IsWithdrawn=True&BillType=1&SortOrder=TitleAscending&BillIds=101&BillIds=102&IsInAmendableStage=True&Skip=0&Take=50
2025-10-19 13:06:36,283 - INFO - root -     Query parameters:  {'SearchTerm': 'climate', 'Session': 2023, 'CurrentHouse': 'Commons', 'OriginatingHouse': 'Lords', 'MemberId': 1001, 'DepartmentId': 2002, 'BillStagesExcluded': [3], 'IsDefeated': False, 'IsWithdrawn': True, 'BillType': [1], 'SortOrder': 'TitleAscending', 'BillIds': [101, 102], 'IsInAmendableStage': True, 'Skip': 0, 'Take': 50}
2025-10-19 13:06:37,605 - INFO - root -   âœ… ðŸŽ¯ TARGET: GET get-/api/v1/Bills -> 200  (1.320s)
2025-10-19 13:06:37,708 - INFO - root - Running with test data row 30/43
2025-10-19 13:06:37,708 - INFO - root -   ðŸŽ¯ Expected status extracted: 2xx
2025-10-19 13:06:37,709 - INFO - sequence_runner.data_merge -   ðŸ“‹ Processing nested test data structure (param/body)
2025-10-19 13:06:37,709 - INFO - root -   ðŸ”— URL Construction:
2025-10-19 13:06:37,709 - INFO - root -     Original endpoint: /api/v1/Bills
2025-10-19 13:06:37,709 - INFO - root -     Final endpoint:    /api/v1/Bills
2025-10-19 13:06:37,709 - INFO - root -     Base URL:          https://bills-api.parliament.uk/api/v1/Bills
2025-10-19 13:06:37,709 - INFO - root -     Full URL + query:  https://bills-api.parliament.uk/api/v1/Bills?SearchTerm=climate&Session=2023&CurrentHouse=Commons&OriginatingHouse=Lords&MemberId=1001&BillStage=1&BillStage=2&BillStagesExcluded=3&IsDefeated=False&IsWithdrawn=True&BillType=1&SortOrder=TitleAscending&BillIds=101&BillIds=102&IsInAmendableStage=True&Skip=0&Take=50
2025-10-19 13:06:37,710 - INFO - root -     Query parameters:  {'SearchTerm': 'climate', 'Session': 2023, 'CurrentHouse': 'Commons', 'OriginatingHouse': 'Lords', 'MemberId': 1001, 'BillStage': [1, 2], 'BillStagesExcluded': [3], 'IsDefeated': False, 'IsWithdrawn': True, 'BillType': [1], 'SortOrder': 'TitleAscending', 'BillIds': [101, 102], 'IsInAmendableStage': True, 'Skip': 0, 'Take': 50}
2025-10-19 13:06:38,623 - INFO - root -   âœ… ðŸŽ¯ TARGET: GET get-/api/v1/Bills -> 200  (0.912s)
2025-10-19 13:06:38,727 - INFO - root - Running with test data row 31/43
2025-10-19 13:06:38,727 - INFO - root -   ðŸŽ¯ Expected status extracted: 2xx
2025-10-19 13:06:38,727 - INFO - sequence_runner.data_merge -   ðŸ“‹ Processing nested test data structure (param/body)
2025-10-19 13:06:38,727 - INFO - root -   ðŸ”— URL Construction:
2025-10-19 13:06:38,727 - INFO - root -     Original endpoint: /api/v1/Bills
2025-10-19 13:06:38,727 - INFO - root -     Final endpoint:    /api/v1/Bills
2025-10-19 13:06:38,728 - INFO - root -     Base URL:          https://bills-api.parliament.uk/api/v1/Bills
2025-10-19 13:06:38,728 - INFO - root -     Full URL + query:  https://bills-api.parliament.uk/api/v1/Bills?SearchTerm=climate&Session=2023&CurrentHouse=Commons&OriginatingHouse=Lords&DepartmentId=2002&BillStage=1&BillStage=2&BillStagesExcluded=3&IsDefeated=False&IsWithdrawn=True&BillType=1&SortOrder=TitleAscending&BillIds=101&BillIds=102&IsInAmendableStage=True&Skip=0&Take=50
2025-10-19 13:06:38,728 - INFO - root -     Query parameters:  {'SearchTerm': 'climate', 'Session': 2023, 'CurrentHouse': 'Commons', 'OriginatingHouse': 'Lords', 'DepartmentId': 2002, 'BillStage': [1, 2], 'BillStagesExcluded': [3], 'IsDefeated': False, 'IsWithdrawn': True, 'BillType': [1], 'SortOrder': 'TitleAscending', 'BillIds': [101, 102], 'IsInAmendableStage': True, 'Skip': 0, 'Take': 50}
2025-10-19 13:06:39,985 - INFO - root -   âœ… ðŸŽ¯ TARGET: GET get-/api/v1/Bills -> 200  (1.254s)
2025-10-19 13:06:40,089 - INFO - root - Running with test data row 32/43
2025-10-19 13:06:40,089 - INFO - root -   ðŸŽ¯ Expected status extracted: 2xx
2025-10-19 13:06:40,089 - INFO - sequence_runner.data_merge -   ðŸ“‹ Processing nested test data structure (param/body)
2025-10-19 13:06:40,089 - INFO - root -   ðŸ”— URL Construction:
2025-10-19 13:06:40,089 - INFO - root -     Original endpoint: /api/v1/Bills
2025-10-19 13:06:40,090 - INFO - root -     Final endpoint:    /api/v1/Bills
2025-10-19 13:06:40,090 - INFO - root -     Base URL:          https://bills-api.parliament.uk/api/v1/Bills
2025-10-19 13:06:40,090 - INFO - root -     Full URL + query:  https://bills-api.parliament.uk/api/v1/Bills?SearchTerm=climate&Session=2023&CurrentHouse=Commons&MemberId=1001&DepartmentId=2002&BillStage=1&BillStage=2&BillStagesExcluded=3&IsDefeated=False&IsWithdrawn=True&BillType=1&SortOrder=TitleAscending&BillIds=101&BillIds=102&IsInAmendableStage=True&Skip=0&Take=50
2025-10-19 13:06:40,090 - INFO - root -     Query parameters:  {'SearchTerm': 'climate', 'Session': 2023, 'CurrentHouse': 'Commons', 'MemberId': 1001, 'DepartmentId': 2002, 'BillStage': [1, 2], 'BillStagesExcluded': [3], 'IsDefeated': False, 'IsWithdrawn': True, 'BillType': [1], 'SortOrder': 'TitleAscending', 'BillIds': [101, 102], 'IsInAmendableStage': True, 'Skip': 0, 'Take': 50}
2025-10-19 13:06:40,883 - INFO - root -   âœ… ðŸŽ¯ TARGET: GET get-/api/v1/Bills -> 200  (0.790s)
2025-10-19 13:06:40,988 - INFO - root - Running with test data row 33/43
2025-10-19 13:06:40,988 - INFO - root -   ðŸŽ¯ Expected status extracted: 2xx
2025-10-19 13:06:40,988 - INFO - sequence_runner.data_merge -   ðŸ“‹ Processing nested test data structure (param/body)
2025-10-19 13:06:40,988 - INFO - root -   ðŸ”— URL Construction:
2025-10-19 13:06:40,988 - INFO - root -     Original endpoint: /api/v1/Bills
2025-10-19 13:06:40,988 - INFO - root -     Final endpoint:    /api/v1/Bills
2025-10-19 13:06:40,988 - INFO - root -     Base URL:          https://bills-api.parliament.uk/api/v1/Bills
2025-10-19 13:06:40,989 - INFO - root -     Full URL + query:  https://bills-api.parliament.uk/api/v1/Bills?SearchTerm=climate&Session=2023&OriginatingHouse=Lords&MemberId=1001&DepartmentId=2002&BillStage=1&BillStage=2&BillStagesExcluded=3&IsDefeated=False&IsWithdrawn=True&BillType=1&SortOrder=TitleAscending&BillIds=101&BillIds=102&IsInAmendableStage=True&Skip=0&Take=50
2025-10-19 13:06:40,989 - INFO - root -     Query parameters:  {'SearchTerm': 'climate', 'Session': 2023, 'OriginatingHouse': 'Lords', 'MemberId': 1001, 'DepartmentId': 2002, 'BillStage': [1, 2], 'BillStagesExcluded': [3], 'IsDefeated': False, 'IsWithdrawn': True, 'BillType': [1], 'SortOrder': 'TitleAscending', 'BillIds': [101, 102], 'IsInAmendableStage': True, 'Skip': 0, 'Take': 50}
2025-10-19 13:06:41,818 - INFO - root -   âœ… ðŸŽ¯ TARGET: GET get-/api/v1/Bills -> 200  (0.826s)
2025-10-19 13:06:41,922 - INFO - root - Running with test data row 34/43
2025-10-19 13:06:41,923 - INFO - root -   ðŸŽ¯ Expected status extracted: 2xx
2025-10-19 13:06:41,923 - INFO - sequence_runner.data_merge -   ðŸ“‹ Processing nested test data structure (param/body)
2025-10-19 13:06:41,923 - INFO - root -   ðŸ”— URL Construction:
2025-10-19 13:06:41,923 - INFO - root -     Original endpoint: /api/v1/Bills
2025-10-19 13:06:41,923 - INFO - root -     Final endpoint:    /api/v1/Bills
2025-10-19 13:06:41,923 - INFO - root -     Base URL:          https://bills-api.parliament.uk/api/v1/Bills
2025-10-19 13:06:41,923 - INFO - root -     Full URL + query:  https://bills-api.parliament.uk/api/v1/Bills?SearchTerm=climate&CurrentHouse=Commons&OriginatingHouse=Lords&MemberId=1001&DepartmentId=2002&BillStage=1&BillStage=2&BillStagesExcluded=3&IsDefeated=False&IsWithdrawn=True&BillType=1&SortOrder=TitleAscending&BillIds=101&BillIds=102&IsInAmendableStage=True&Skip=0&Take=50
2025-10-19 13:06:41,923 - INFO - root -     Query parameters:  {'SearchTerm': 'climate', 'CurrentHouse': 'Commons', 'OriginatingHouse': 'Lords', 'MemberId': 1001, 'DepartmentId': 2002, 'BillStage': [1, 2], 'BillStagesExcluded': [3], 'IsDefeated': False, 'IsWithdrawn': True, 'BillType': [1], 'SortOrder': 'TitleAscending', 'BillIds': [101, 102], 'IsInAmendableStage': True, 'Skip': 0, 'Take': 50}
2025-10-19 13:06:42,921 - INFO - root -   âœ… ðŸŽ¯ TARGET: GET get-/api/v1/Bills -> 200  (0.995s)
2025-10-19 13:06:43,022 - INFO - root - Running with test data row 35/43
2025-10-19 13:06:43,022 - INFO - root -   ðŸŽ¯ Expected status extracted: 2xx
2025-10-19 13:06:43,022 - INFO - sequence_runner.data_merge -   ðŸ“‹ Processing nested test data structure (param/body)
2025-10-19 13:06:43,023 - INFO - root -   ðŸ”— URL Construction:
2025-10-19 13:06:43,024 - INFO - root -     Original endpoint: /api/v1/Bills
2025-10-19 13:06:43,024 - INFO - root -     Final endpoint:    /api/v1/Bills
2025-10-19 13:06:43,025 - INFO - root -     Base URL:          https://bills-api.parliament.uk/api/v1/Bills
2025-10-19 13:06:43,025 - INFO - root -     Full URL + query:  https://bills-api.parliament.uk/api/v1/Bills?Session=2023&CurrentHouse=Commons&OriginatingHouse=Lords&MemberId=1001&DepartmentId=2002&BillStage=1&BillStage=2&BillStagesExcluded=3&IsDefeated=False&IsWithdrawn=True&BillType=1&SortOrder=TitleAscending&BillIds=101&BillIds=102&IsInAmendableStage=True&Skip=0&Take=50
2025-10-19 13:06:43,025 - INFO - root -     Query parameters:  {'Session': 2023, 'CurrentHouse': 'Commons', 'OriginatingHouse': 'Lords', 'MemberId': 1001, 'DepartmentId': 2002, 'BillStage': [1, 2], 'BillStagesExcluded': [3], 'IsDefeated': False, 'IsWithdrawn': True, 'BillType': [1], 'SortOrder': 'TitleAscending', 'BillIds': [101, 102], 'IsInAmendableStage': True, 'Skip': 0, 'Take': 50}
2025-10-19 13:06:43,742 - INFO - root -   âœ… ðŸŽ¯ TARGET: GET get-/api/v1/Bills -> 200  (0.716s)
2025-10-19 13:06:43,846 - INFO - root - Running with test data row 36/43
2025-10-19 13:06:43,846 - INFO - root -   ðŸŽ¯ Expected status extracted: 4xx
2025-10-19 13:06:43,846 - INFO - sequence_runner.data_merge -   ðŸ“‹ Processing nested test data structure (param/body)
2025-10-19 13:06:43,846 - INFO - root -   ðŸ”— URL Construction:
2025-10-19 13:06:43,846 - INFO - root -     Original endpoint: /api/v1/Bills
2025-10-19 13:06:43,846 - INFO - root -     Final endpoint:    /api/v1/Bills
2025-10-19 13:06:43,846 - INFO - root -     Base URL:          https://bills-api.parliament.uk/api/v1/Bills
2025-10-19 13:06:43,847 - INFO - root -     Full URL + query:  https://bills-api.parliament.uk/api/v1/Bills?CurrentHouse=Senate
2025-10-19 13:06:43,847 - INFO - root -     Query parameters:  {'CurrentHouse': 'Senate'}
2025-10-19 13:06:46,550 - INFO - root -   âœ… ðŸŽ¯ TARGET: GET get-/api/v1/Bills -> 400 (expected: 4xx) (2.699s)
2025-10-19 13:06:46,651 - INFO - root - Running with test data row 37/43
2025-10-19 13:06:46,651 - INFO - root -   ðŸŽ¯ Expected status extracted: 4xx
2025-10-19 13:06:46,651 - INFO - sequence_runner.data_merge -   ðŸ“‹ Processing nested test data structure (param/body)
2025-10-19 13:06:46,652 - INFO - root -   ðŸ”— URL Construction:
2025-10-19 13:06:46,652 - INFO - root -     Original endpoint: /api/v1/Bills
2025-10-19 13:06:46,652 - INFO - root -     Final endpoint:    /api/v1/Bills
2025-10-19 13:06:46,652 - INFO - root -     Base URL:          https://bills-api.parliament.uk/api/v1/Bills
2025-10-19 13:06:46,652 - INFO - root -     Full URL + query:  https://bills-api.parliament.uk/api/v1/Bills?BillStage=1&BillStage=abc
2025-10-19 13:06:46,652 - INFO - root -     Query parameters:  {'BillStage': [1, 'abc']}
2025-10-19 13:06:50,620 - INFO - root -   âœ… ðŸŽ¯ TARGET: GET get-/api/v1/Bills -> 400 (expected: 4xx) (3.966s)
2025-10-19 13:06:50,726 - INFO - root - Running with test data row 38/43
2025-10-19 13:06:50,727 - INFO - root -   ðŸŽ¯ Expected status extracted: 4xx
2025-10-19 13:06:50,727 - INFO - sequence_runner.data_merge -   ðŸ“‹ Processing nested test data structure (param/body)
2025-10-19 13:06:50,727 - INFO - root -   ðŸ”— URL Construction:
2025-10-19 13:06:50,728 - INFO - root -     Original endpoint: /api/v1/Bills
2025-10-19 13:06:50,728 - INFO - root -     Final endpoint:    /api/v1/Bills
2025-10-19 13:06:50,728 - INFO - root -     Base URL:          https://bills-api.parliament.uk/api/v1/Bills
2025-10-19 13:06:50,728 - INFO - root -     Full URL + query:  https://bills-api.parliament.uk/api/v1/Bills?IsDefeated=tru
2025-10-19 13:06:50,728 - INFO - root -     Query parameters:  {'IsDefeated': 'tru'}
2025-10-19 13:06:51,346 - INFO - root -   âœ… ðŸŽ¯ TARGET: GET get-/api/v1/Bills -> 400 (expected: 4xx) (0.618s)
2025-10-19 13:06:51,452 - INFO - root - Running with test data row 39/43
2025-10-19 13:06:51,452 - INFO - root -   ðŸŽ¯ Expected status extracted: 4xx
2025-10-19 13:06:51,452 - INFO - sequence_runner.data_merge -   ðŸ“‹ Processing nested test data structure (param/body)
2025-10-19 13:06:51,452 - INFO - root -   ðŸ”— URL Construction:
2025-10-19 13:06:51,452 - INFO - root -     Original endpoint: /api/v1/Bills
2025-10-19 13:06:51,452 - INFO - root -     Final endpoint:    /api/v1/Bills
2025-10-19 13:06:51,453 - INFO - root -     Base URL:          https://bills-api.parliament.uk/api/v1/Bills
2025-10-19 13:06:51,453 - INFO - root -     Full URL + query:  https://bills-api.parliament.uk/api/v1/Bills?Session=notanint
2025-10-19 13:06:51,453 - INFO - root -     Query parameters:  {'Session': 'notanint'}
2025-10-19 13:06:51,758 - INFO - root -   âœ… ðŸŽ¯ TARGET: GET get-/api/v1/Bills -> 400 (expected: 4xx) (0.305s)
2025-10-19 13:06:51,863 - INFO - root - Running with test data row 40/43
2025-10-19 13:06:51,863 - INFO - root -   ðŸŽ¯ Expected status extracted: 4xx
2025-10-19 13:06:51,863 - INFO - sequence_runner.data_merge -   ðŸ“‹ Processing nested test data structure (param/body)
2025-10-19 13:06:51,863 - INFO - root -   ðŸ”— URL Construction:
2025-10-19 13:06:51,863 - INFO - root -     Original endpoint: /api/v1/Bills
2025-10-19 13:06:51,863 - INFO - root -     Final endpoint:    /api/v1/Bills
2025-10-19 13:06:51,863 - INFO - root -     Base URL:          https://bills-api.parliament.uk/api/v1/Bills
2025-10-19 13:06:51,864 - INFO - root -     Full URL + query:  https://bills-api.parliament.uk/api/v1/Bills?CurrentHouse=Senate
2025-10-19 13:06:51,864 - INFO - root -     Query parameters:  {'CurrentHouse': 'Senate'}
2025-10-19 13:06:52,163 - INFO - root -   âœ… ðŸŽ¯ TARGET: GET get-/api/v1/Bills -> 400 (expected: 4xx) (0.297s)
2025-10-19 13:06:52,264 - INFO - root - Running with test data row 41/43
2025-10-19 13:06:52,266 - INFO - root -   ðŸŽ¯ Expected status extracted: 4xx
2025-10-19 13:06:52,267 - INFO - sequence_runner.data_merge -   ðŸ“‹ Processing nested test data structure (param/body)
2025-10-19 13:06:52,268 - INFO - root -   ðŸ”— URL Construction:
2025-10-19 13:06:52,269 - INFO - root -     Original endpoint: /api/v1/Bills
2025-10-19 13:06:52,269 - INFO - root -     Final endpoint:    /api/v1/Bills
2025-10-19 13:06:52,269 - INFO - root -     Base URL:          https://bills-api.parliament.uk/api/v1/Bills
2025-10-19 13:06:52,269 - INFO - root -     Full URL + query:  https://bills-api.parliament.uk/api/v1/Bills?BillStage=1&BillStage=bad
2025-10-19 13:06:52,269 - INFO - root -     Query parameters:  {'BillStage': [1, 'bad']}
2025-10-19 13:06:52,569 - INFO - root -   âœ… ðŸŽ¯ TARGET: GET get-/api/v1/Bills -> 400 (expected: 4xx) (0.299s)
2025-10-19 13:06:52,674 - INFO - root - Running with test data row 42/43
2025-10-19 13:06:52,674 - INFO - root -   ðŸŽ¯ Expected status extracted: 4xx
2025-10-19 13:06:52,674 - INFO - sequence_runner.data_merge -   ðŸ“‹ Processing nested test data structure (param/body)
2025-10-19 13:06:52,675 - INFO - root -   ðŸ”— URL Construction:
2025-10-19 13:06:52,675 - INFO - root -     Original endpoint: /api/v1/Bills
2025-10-19 13:06:52,675 - INFO - root -     Final endpoint:    /api/v1/Bills
2025-10-19 13:06:52,675 - INFO - root -     Base URL:          https://bills-api.parliament.uk/api/v1/Bills
2025-10-19 13:06:52,675 - INFO - root -     Full URL + query:  https://bills-api.parliament.uk/api/v1/Bills?IsDefeated=tru
2025-10-19 13:06:52,675 - INFO - root -     Query parameters:  {'IsDefeated': 'tru'}
2025-10-19 13:06:52,957 - INFO - root -   âœ… ðŸŽ¯ TARGET: GET get-/api/v1/Bills -> 400 (expected: 4xx) (0.281s)
2025-10-19 13:06:53,062 - INFO - root - Running with test data row 43/43
2025-10-19 13:06:53,062 - INFO - root -   ðŸŽ¯ Expected status extracted: 4xx
2025-10-19 13:06:53,063 - INFO - sequence_runner.data_merge -   ðŸ“‹ Processing nested test data structure (param/body)
2025-10-19 13:06:53,063 - INFO - root -   ðŸ”— URL Construction:
2025-10-19 13:06:53,063 - INFO - root -     Original endpoint: /api/v1/Bills
2025-10-19 13:06:53,063 - INFO - root -     Final endpoint:    /api/v1/Bills
2025-10-19 13:06:53,063 - INFO - root -     Base URL:          https://bills-api.parliament.uk/api/v1/Bills
2025-10-19 13:06:53,063 - INFO - root -     Full URL + query:  https://bills-api.parliament.uk/api/v1/Bills?SortOrder=RandomOrder
2025-10-19 13:06:53,064 - INFO - root -     Query parameters:  {'SortOrder': 'RandomOrder'}
2025-10-19 13:06:53,401 - INFO - root -   âœ… ðŸŽ¯ TARGET: GET get-/api/v1/Bills -> 400 (expected: 4xx) (0.335s)
